<?xml version="1.0" encoding="UTF-8" standalone="no"?><testsuites><testsuite errors="0" failures="0" hostname="4df08c752a594fb5_samsung_GT-I9300" name="com.octo.android.robospice.test" tests="57" time="13,9000" timestamp="Thu Sep 20 13:48:09 CEST 2012"><properties><property name="java.runtime.name" value="Java(TM) SE Runtime Environment"/><property name="sun.boot.library.path" value="/System/Library/Java/JavaVirtualMachines/1.6.0.jdk/Contents/Libraries"/><property name="java.vm.version" value="20.10-b01-428"/><property name="awt.nativeDoubleBuffering" value="true"/><property name="gopherProxySet" value="false"/><property name="mrj.build" value="11M3811"/><property name="java.vm.vendor" value="Apple Inc."/><property name="java.vendor.url" value="http://www.apple.com/"/><property name="guice.disable.misplaced.annotation.check" value="true"/><property name="path.separator" value=":"/><property name="java.vm.name" value="Java HotSpot(TM) 64-Bit Server VM"/><property name="file.encoding.pkg" value="sun.io"/><property name="sun.java.launcher" value="SUN_STANDARD"/><property name="user.country" value="FR"/><property name="sun.os.patch.level" value="unknown"/><property name="java.vm.specification.name" value="Java Virtual Machine Specification"/><property name="user.dir" value="/Users/stephanenicolas/git/OctoContentManagerForAndroid"/><property name="java.runtime.version" value="1.6.0_35-b10-428-11M3811"/><property name="java.awt.graphicsenv" value="apple.awt.CGraphicsEnvironment"/><property name="java.endorsed.dirs" value="/System/Library/Java/JavaVirtualMachines/1.6.0.jdk/Contents/Home/lib/endorsed"/><property name="os.arch" value="x86_64"/><property name="java.io.tmpdir" value="/var/folders/l_/wf1z9r_n6w74xj183l9788t80000gn/T/"/><property name="line.separator" value="&#10;"/><property name="java.vm.specification.vendor" value="Sun Microsystems Inc."/><property name="os.name" value="Mac OS X"/><property name="classworlds.conf" value="/usr/share/maven/bin/m2.conf"/><property name="sun.jnu.encoding" value="MacRoman"/><property name="java.library.path" value=".:/Library/Java/Extensions:/System/Library/Java/Extensions:/usr/lib/java"/><property name="java.specification.name" value="Java Platform API Specification"/><property name="java.class.version" value="50.0"/><property name="sun.management.compiler" value="HotSpot 64-Bit Tiered Compilers"/><property name="os.version" value="10.7.4"/><property name="http.nonProxyHosts" value="local|*.local|169.254/16|*.169.254/16"/><property name="user.home" value="/Users/stephanenicolas"/><property name="user.timezone" value="Europe/Paris"/><property name="java.awt.printerjob" value="apple.awt.CPrinterJob"/><property name="file.encoding" value="MacRoman"/><property name="java.specification.version" value="1.6"/><property name="java.class.path" value="/usr/share/maven/boot/plexus-classworlds-2.4.jar"/><property name="user.name" value="stephanenicolas"/><property name="java.vm.specification.version" value="1.0"/><property name="sun.java.command" value="org.codehaus.plexus.classworlds.launcher.Launcher clean install"/><property name="java.home" value="/System/Library/Java/JavaVirtualMachines/1.6.0.jdk/Contents/Home"/><property name="sun.arch.data.model" value="64"/><property name="user.language" value="fr"/><property name="java.specification.vendor" value="Sun Microsystems Inc."/><property name="awt.toolkit" value="apple.awt.CToolkit"/><property name="java.vm.info" value="mixed mode"/><property name="java.version" value="1.6.0_35"/><property name="java.ext.dirs" value="/Library/Java/Extensions:/System/Library/Java/Extensions:/System/Library/Java/JavaVirtualMachines/1.6.0.jdk/Contents/Home/lib/ext"/><property name="sun.boot.class.path" value="/System/Library/Java/JavaVirtualMachines/1.6.0.jdk/Contents/Classes/jsfd.jar:/System/Library/Java/JavaVirtualMachines/1.6.0.jdk/Contents/Classes/classes.jar:/System/Library/Frameworks/JavaVM.framework/Frameworks/JavaRuntimeSupport.framework/Resources/Java/JavaRuntimeSupport.jar:/System/Library/Java/JavaVirtualMachines/1.6.0.jdk/Contents/Classes/ui.jar:/System/Library/Java/JavaVirtualMachines/1.6.0.jdk/Contents/Classes/laf.jar:/System/Library/Java/JavaVirtualMachines/1.6.0.jdk/Contents/Classes/sunrsasign.jar:/System/Library/Java/JavaVirtualMachines/1.6.0.jdk/Contents/Classes/jsse.jar:/System/Library/Java/JavaVirtualMachines/1.6.0.jdk/Contents/Classes/jce.jar:/System/Library/Java/JavaVirtualMachines/1.6.0.jdk/Contents/Classes/charsets.jar"/><property name="java.vendor" value="Apple Inc."/><property name="maven.home" value="/usr/share/maven"/><property name="file.separator" value="/"/><property name="java.vendor.url.bug" value="http://bugreport.apple.com/"/><property name="sun.io.unicode.encoding" value="UnicodeLittle"/><property name="sun.cpu.endian" value="little"/><property name="mrj.version" value="1070.1.6.0_35-428"/><property name="socksNonProxyHosts" value="local|*.local|169.254/16|*.169.254/16"/><property name="ftp.nonProxyHosts" value="local|*.local|169.254/16|*.169.254/16"/><property name="sun.cpu.isalist" value=""/><property name="ro.product.manufacturer" value="samsung"/><property name="gsm.sim.operator.alpha" value=""/><property name="ril.rildSerial" value="ynku8rtykyenkysa8"/><property name="sys.settings_secure_version" value="2"/><property name="net.tcp.buffersize.hsupa" value="4094,87380,704512,4096,16384,262144"/><property name="init.svc.BCS-daemon" value="running"/><property name="ro.crypto.fs_flags" value="0x00000406"/><property name="ril.pin_mode" value="0"/><property name="persist.sys.profiler_ms" value="0"/><property name="ro.lcd_min_brightness" value="20"/><property name="init.svc.gpsd" value="running"/><property name="init.svc.mobex-daemon" value="running"/><property name="ro.product.model" value="GT-I9300"/><property name="gsm.operator.iso-country" value="fr"/><property name="ril.initPB" value="1"/><property name="audioflinger.bootsnd" value="1"/><property name="ril.official_cscver" value="I9300VFGBLH2"/><property name="ril.model_id" value="I9300"/><property name="ro.bootloader" value="I9300BUBLG3"/><property name="init.svc.vold" value="running"/><property name="ro.uart_debug" value="0"/><property name="net.hostname" value="android-d808497fd99e830f"/><property name="keyguard.no_require_sim" value="true"/><property name="ril.isIccChanged" value="0"/><property name="ro.build.version.sdk" value="15"/><property name="sys.usb.config" value="mtp,adb"/><property name="service.media.powersnd" value="1"/><property name="init.svc.DAIG-daemon" value="running"/><property name="ril.ecclist0" value="112/255,112,911"/><property name="init.svc.DR-daemon" value="running"/><property name="ril.sales_code" value="SFR"/><property name="sys.settings_system_version" value="14"/><property name="gsm.operator.isroaming" value="false"/><property name="dhcp.wlan0.dns3" value="195.68.0.2"/><property name="dhcp.wlan0.dns2" value="195.68.0.1"/><property name="dhcp.wlan0.dns1" value="10.42.1.254"/><property name="ro.com.google.clientidbase.yt" value="android-samsung"/><property name="dhcp.wlan0.dns4" value=""/><property name="ro.allow.mock.location" value="0"/><property name="ro.bt.bdaddr_path" value="/efs/bluetooth/bt_addr"/><property name="ro.com.google.apphider" value="off"/><property name="sys.ccr" value="false"/><property name="ro.nfc.port" value="I2C"/><property name="ro.emmc_checksum" value="3"/><property name="net.tcp.buffersize.wifi" value="524288,1048576,2097152,262144,524288,1048576"/><property name="ro.csc.countryiso_code" value="FR"/><property name="ril.sw_ver" value="I9300BULG2"/><property name="ro.secwvk" value="220"/><property name="ro.csc.country_code" value="France"/><property name="gsm.version.baseband" value="I9300BULG2"/><property name="ril.hw_ver" value="MP 1.100"/><property name="ro.error.receiver.default" value="com.samsung.receiver.error"/><property name="ro.product.brand" value="samsung"/><property name="dhcp.wlan0.result" value="ok"/><property name="ro.debug_level" value="0x4f4c"/><property name="ro.ril.hsxpa" value="1"/><property name="init.svc.mcDriverDaemon" value="running"/><property name="ro.product.device" value="m0"/><property name="ro.build.changelist" value="933142"/><property name="dev.bootcomplete" value="1"/><property name="gsm.sim.state" value="READY"/><property name="ro.hardware" value="smdk4x12"/><property name="status.battery.level_scale" value="9"/><property name="hwui.render_dirty_regions" value="false"/><property name="net.streaming.rtsp.uaprof" value="http://wap.samsungmobile.com/uaprof/"/><property name="ril.rfcal_date" value="2012.5.23"/><property name="ro.build.id" value="IMM76D"/><property name="net.tcp.buffersize.hspap" value="4094,87380,704512,4096,16384,262144"/><property name="init.svc.immvibed" value="stopped"/><property name="init.svc.samsungani" value="stopped"/><property name="rild.libpath" value="/system/lib/libsec-ril.so"/><property name="sys.boot_completed" value="1"/><property name="ro.config.media_sound" value="Media_preview_Touch_the_light.ogg"/><property name="ro.product.name" value="m0bu"/><property name="net.change" value="net.dnschange"/><property name="init.svc.icd" value="running"/><property name="ro.build.tags" value="release-keys"/><property name="sys.mobicoredaemon.enable" value="true"/><property name="init.svc.drm" value="running"/><property name="ro.build.version.codename" value="REL"/><property name="ro.product.cpu.abi" value="armeabi-v7a"/><property name="dhcp.wlan0.pid" value="3001"/><property name="rild.libargs" value="-d /dev/ttyS0"/><property name="ro.sf.lcd_density" value="320"/><property name="dalvik.vm.heapsize" value="256m"/><property name="dalvik.vm.stack-trace-file" value="/data/anr/traces.txt"/><property name="ro.com.google.clientidbase" value="android-samsung"/><property name="net.tcp.buffersize.edge" value="4093,26280,35040,4096,16384,35040"/><property name="ro.adb.qemud" value="1"/><property name="ril.FS" value="false"/><property name="ro.serialno" value="4df08c752a594fb5"/><property name="net.wlan0.dns1" value="49.0.0.0"/><property name="init.svc.KIES-daemon" value="running"/><property name="net.wlan0.dns2" value="49.0.0.0"/><property name="ro.com.google.clientidbase.ms" value="android-hms-vf-fr"/><property name="ril.approved_codever" value="none"/><property name="ro.com.google.clientidbase.gmm" value="android-samsung"/><property name="ro.build.date" value="Thu Jul 26 17:08:50 KST 2012"/><property name="vold.post_fs_data_done" value="1"/><property name="wlan.driver.status" value="ok"/><property name="ro.product.cpu.abi2" value="armeabi"/><property name="ro.hdcp2.rx" value="tz"/><property name="init.svc.zygote" value="running"/><property name="init.svc.servicemanager" value="running"/><property name="windowsmgr.max_events_per_sec" value="100"/><property name="wlan.wfd.status" value="disconnected"/><property name="ro.product_ship" value="true"/><property name="ro.build.user" value="dpi"/><property name="init.svc.TvoutService_C" value="running"/><property name="gsm.sim.operator.iso-country" value="fr"/><property name="ro.config.ringtone" value="S_Over_the_horizon.ogg"/><property name="ril.barcode" value=""/><property name="ro.kernel.qemu" value="0"/><property name="ro.secure" value="1"/><property name="init.svc.cpboot-daemon" value="running"/><property name="ro.build.type" value="user"/><property name="ro.carrier" value="unknown"/><property name="ro.build.version.incremental" value="I9300BUBLG3"/><property name="init.svc.adbd" value="running"/><property name="gsm.operator.alpha" value="SFR Office 3G"/><property name="net.dns2" value="195.68.0.1"/><property name="media.enable-commonsource" value="true"/><property name="net.dns1" value="10.42.1.254"/><property name="init.svc.ril-daemon" value="running"/><property name="persist.sys.storage_preload" value="2"/><property name="ro.build.PDA" value="I9300BUBLG3"/><property name="ro.debuggable" value="0"/><property name="persist.sys.usb.config" value="mtp,adb"/><property name="net.rmnet0.dns1" value=""/><property name="net.rmnet0.dns2" value=""/><property name="init.svc.debuggerd" value="running"/><property name="system_init.startsurfaceflinger" value="0"/><property name="ro.crypto.fs_options" value="discard,noauto_da_alloc,journal_async_commit"/><property name="persist.sys.language" value="fr"/><property name="ro.factorytest" value="0"/><property name="ro.build.fingerprint" value="samsung/m0bu/m0:4.0.4/IMM76D/I9300BUBLG3:user/release-keys"/><property name="net.dnschange" value="1"/><property name="ro.build.product" value="m0"/><property name="ro.setupwizard.mode" value="OPTIONAL"/><property name="dev.sfbootcomplete" value="1"/><property name="net.bt.name" value="Android"/><property name="ro.radio.noril" value="yes"/><property name="ril.timezoneID" value="Europe/Paris"/><property name="init.svc.wpa_supplicant" value="running"/><property name="ro.com.google.clientidbase.am" value="android-sfr-fr"/><property name="ro.bootmode" value="unknown"/><property name="ro.baseband" value="unknown"/><property name="ro.runtime.firstboot" value="1348128929534"/><property name="ro.build.host" value="DELL152"/><property name="dhcp.wlan0.server" value="1.1.1.1"/><property name="ro.build.display.id" value="IMM76D.I9300BUBLG3"/><property name="ro.revision" value="12"/><property name="ro.product.locale.region" value="GB"/><property name="init.svc.sdcard" value="running"/><property name="wifi.interface" value="wlan0"/><property name="persist.sys.timezone" value="Europe/Paris"/><property name="dev.MDPLimitCondition" value="0"/><property name="gsm.operator.numeric" value="20810"/><property name="ril.approved_modemver" value="none"/><property name="init.svc.DTT-daemon" value="running"/><property name="init.svc.dbus" value="running"/><property name="ro.url.legal" value="http://www.google.com/intl/%s/mobile/android/basic/phone-legal.html"/><property name="ro.crypto.state" value="unencrypted"/><property name="ro.crypto.fs_type" value="ext4"/><property name="dalvik.vm.heapstartsize" value="8m"/><property name="ril.ICC_TYPE" value="2"/><property name="net.tcp.buffersize.hsdpa" value="4094,87380,704512,4096,16384,110208"/><property name="persist.sys.localevar" value=""/><property name="wlan.poke_helper.ret" value="12 success"/><property name="gsm.sim.operator.numeric" value="20810"/><property name="ril.serialnumber" value="R31C50NJJ0F"/><property name="ro.config.notification_sound" value="S_Whistle.ogg"/><property name="ro.board.platform" value="exynos4"/><property name="ro.build.date.utc" value="1343290130"/><property name="net.rmnet0.gw" value=""/><property name="ro.product.locale.language" value="en"/><property name="ril.approved_cscver" value="none"/><property name="persist.sys.camera.transform" value="0"/><property name="ril.tethering.usb.active" value="0"/><property name="init.svc.keystore" value="running"/><property name="status.battery.level" value="5"/><property name="ril.encrypt_customer" value="69229BF80894C04BB9BB6AA0EBB2C212"/><property name="persist.sys.ui.hw" value="true"/><property name="init.svc.netd" value="running"/><property name="dalvik.vm.dexopt-flags" value="m=y"/><property name="ro.build.characteristics" value="default"/><property name="ril.product_code" value="GT-I9300MBASFR"/><property name="persist.sys.camera.connect" value="0"/><property name="ro.build.hidden_ver" value="I9300BUBLG3"/><property name="net.tcp.buffersize.lte" value="524288,1048576,2560000,262144,524288,1048576"/><property name="ril.RildInit" value="1"/><property name="ro.com.android.dateformat" value="MM-dd-yyyy"/><property name="ro.sec.fle.encryption" value="true"/><property name="net.tcp.buffersize.umts" value="4094,87380,110208,4096,16384,110208"/><property name="net.tcp.buffersize.default" value="4096,87380,110208,4096,16384,110208"/><property name="sys.usb.state" value="mtp,adb"/><property name="drm.service.enable" value="true"/><property name="ro.config.alarm_alert" value="Walk_in_the_forest.ogg"/><property name="ro.crypto.fs_mnt_point" value="/data"/><property name="status.battery.level_raw" value="50"/><property name="gsm.version.ril-impl" value="Samsung RIL(IPC) v2.0"/><property name="ro.product.board" value="smdk4x12"/><property name="init.svc.media" value="running"/><property name="ro.build.description" value="m0bu-user 4.0.4 IMM76D I9300BUBLG3 release-keys"/><property name="dalvik.vm.heapgrowthlimit" value="64m"/><property name="ril.cbd.boot_done" value="1"/><property name="init.svc.notified_event" value="running"/><property name="audio.country" value="1"/><property name="init.svc.surfaceflinger" value="running"/><property name="dhcp.wlan0.ipaddress" value="10.42.6.204"/><property name="init.svc.dhcpcd_wlan0" value="running"/><property name="persist.sys.country" value="FR"/><property name="ro.crypto.fs_real_blkdev" value="/dev/block/mmcblk0p12"/><property name="net.tcp.buffersize.gprs" value="4092,8760,11680,4096,8760,11680"/><property name="ro.ril.gprsclass" value="10"/><property name="init.svc.flash_recovery" value="stopped"/><property name="ro.com.google.gmsversion" value="4.0_r3"/><property name="ro.build.version.release" value="4.0.4"/><property name="wlan.poke_helper.pid" value="1914"/><property name="init.svc.scranton_RD" value="stopped"/><property name="net.tcp.buffersize.hspa" value="4094,87380,704512,4096,16384,262144"/><property name="init.svc.SMD-daemon" value="running"/><property name="ro.url.legal.android_privacy" value="http://www.google.com/intl/%s/mobile/android/basic/privacy.html"/><property name="ril.cbd.rfs_check_done" value="1"/><property name="gsm.current.phone-type" value="1"/><property name="ro.opengles.version" value="131072"/><property name="init.svc.powersnd" value="stopped"/><property name="ro.csc.sales_code" value="SFR"/><property name="dhcp.wlan0.reason" value="BOUND"/><property name="dhcp.wlan0.mask" value="255.255.0.0"/><property name="init.svc.installd" value="running"/><property name="dhcp.wlan0.leasetime" value="86400"/><property name="init.svc.poke_helper" value="running"/><property name="gsm.STK_SETUP_MENU" value="Services SFR"/><property name="dhcp.wlan0.gateway" value="10.42.1.254"/><property name="ro.wifi.channels" value=""/><property name="net.qtaguid_enabled" value="1"/><property name="gsm.network.type" value="UMTS:3"/><property name="status.battery.state" value="Slow"/><property name="init.svc.macloader" value="stopped"/></properties><testcase classname="com.octo.android.robospice.ContentManagerTest" name="testCancel" time="0,1040"/><testcase classname="com.octo.android.robospice.ContentManagerTest" name="testCancelAllRequests" time="0,1050"/><testcase classname="com.octo.android.robospice.ContentManagerTest" name="test_dontNotifyAnyRequestListeners" time="3,5790"/><testcase classname="com.octo.android.robospice.ContentManagerTest" name="test_dontNotifyRequestListenersForRequest" time="3,5780"/><testcase classname="com.octo.android.robospice.ContentManagerTest" name="test_executeContentRequest_shouldFailIfNotStarted" time="0,0520"/><testcase classname="com.octo.android.robospice.ContentManagerTest" name="test_executeContentRequest_shouldFailIfStartedFromContextWithNoService" time="0,0520"/><testcase classname="com.octo.android.robospice.ContentManagerTest" name="test_executeContentRequest_shouldFailIfStopped" time="0,0520"/><testcase classname="com.octo.android.robospice.ContentManagerTest" name="test_executeContentRequest_when_request_fails" time="0,0520"/><testcase classname="com.octo.android.robospice.ContentManagerTest" name="test_executeContentRequest_when_request_succeeds" time="0,0790"/><testcase classname="com.octo.android.robospice.ContentServiceTest" name="testAndroidTestCaseSetupProperly" time="0,0000"/><testcase classname="com.octo.android.robospice.ContentServiceTest" name="testBindable" time="0,0530"/><testcase classname="com.octo.android.robospice.ContentServiceTest" name="testServiceNotNull" time="0,0270"/><testcase classname="com.octo.android.robospice.ContentServiceTest" name="testServiceTestCaseSetUpProperly" time="0,0000"/><testcase classname="com.octo.android.robospice.persistence.CacheManagerTest" name="testAndroidTestCaseSetupProperly" time="0,0000"/><testcase classname="com.octo.android.robospice.persistence.CacheManagerTest" name="testEmptyDataPersistenceManager" time="0,0000"/><testcase classname="com.octo.android.robospice.persistence.CacheManagerTest" name="testGetDataClassPersistenceManager_returns_CacheManagerBusElement_in_order" time="0,0010"/><testcase classname="com.octo.android.robospice.persistence.CacheManagerTest" name="testRegisterDataClassPersistenceManager" time="0,0000"/><testcase classname="com.octo.android.robospice.persistence.CacheManagerTest" name="testUnRegisterDataClassPersistenceManager" time="0,0000"/><testcase classname="com.octo.android.robospice.persistence.file.InFileBigInputStreamObjectPersisterTest" name="testLoadDataFromCache_expired" time="0,0530"/><testcase classname="com.octo.android.robospice.persistence.file.InFileBigInputStreamObjectPersisterTest" name="testLoadDataFromCache_no_expiracy" time="0,0260"/><testcase classname="com.octo.android.robospice.persistence.file.InFileBigInputStreamObjectPersisterTest" name="testLoadDataFromCache_not_expired" time="0,0510"/><testcase classname="com.octo.android.robospice.persistence.file.InFileBigInputStreamObjectPersisterTest" name="testSaveDataToCacheAndReturnData" time="0,0260"/><testcase classname="com.octo.android.robospice.persistence.file.InFileInputStreamObjectPersisterTest" name="testLoadDataFromCache_expired" time="0,0530"/><testcase classname="com.octo.android.robospice.persistence.file.InFileInputStreamObjectPersisterTest" name="testLoadDataFromCache_no_expiracy" time="0,0530"/><testcase classname="com.octo.android.robospice.persistence.file.InFileInputStreamObjectPersisterTest" name="testLoadDataFromCache_not_expired" time="0,0250"/><testcase classname="com.octo.android.robospice.persistence.file.InFileInputStreamObjectPersisterTest" name="testSaveDataToCacheAndReturnData" time="0,0530"/><testcase classname="com.octo.android.robospice.persistence.file.InFileInputStreamObjectPersisterTest" name="testSaveDataToCacheAndReturnData_async" time="0,0520"/><testcase classname="com.octo.android.robospice.persistence.file.InFileObjectPersisterFactoryTest" name="testGetCachePrefix" time="0,0520"/><testcase classname="com.octo.android.robospice.persistence.file.InFileObjectPersisterFactoryTest" name="testRemoveAllDataFromCache" time="0,0530"/><testcase classname="com.octo.android.robospice.persistence.file.InFileObjectPersisterTest" name="testGetCachePrefix" time="0,0530"/><testcase classname="com.octo.android.robospice.persistence.file.InFileObjectPersisterTest" name="testRemoveAllDataFromCache" time="0,0270"/><testcase classname="com.octo.android.robospice.persistence.file.InFileObjectPersisterTest" name="testRemoveDataFromCache" time="0,0530"/><testcase classname="com.octo.android.robospice.persistence.file.InFileStringObjectPersisterTest" name="testLoadDataFromCache_expired" time="0,0000"/><testcase classname="com.octo.android.robospice.persistence.file.InFileStringObjectPersisterTest" name="testLoadDataFromCache_no_expiracy" time="0,0000"/><testcase classname="com.octo.android.robospice.persistence.file.InFileStringObjectPersisterTest" name="testLoadDataFromCache_not_expired" time="0,0000"/><testcase classname="com.octo.android.robospice.persistence.file.InFileStringObjectPersisterTest" name="testSaveDataToCacheAndReturnData" time="0,0000"/><testcase classname="com.octo.android.robospice.persistence.file.InFileStringObjectPersisterTest" name="testSaveDataToCacheAndReturnData_async" time="0,0010"/><testcase classname="com.octo.android.robospice.persistence.json.InFileWeatherPersisterTest" name="test_canHandleClientRequestStatus" time="0,0530"/><testcase classname="com.octo.android.robospice.persistence.json.InFileWeatherPersisterTest" name="test_loadDataFromCache_expired" time="0,1310"/><testcase classname="com.octo.android.robospice.persistence.json.InFileWeatherPersisterTest" name="test_loadDataFromCache_no_expiracy" time="0,4450"/><testcase classname="com.octo.android.robospice.persistence.json.InFileWeatherPersisterTest" name="test_loadDataFromCache_not_expired" time="0,4170"/><testcase classname="com.octo.android.robospice.persistence.json.InFileWeatherPersisterTest" name="test_saveDataAndReturnData" time="0,1580"/><testcase classname="com.octo.android.robospice.persistence.json.InFileWeatherPersisterTest" name="test_saveDataAndReturnData_async" time="0,1580"/><testcase classname="com.octo.android.robospice.request.RequestProcessorTest" name="testAddRequest_fail_on_error_true_when_nothing_is_found_in_cache" time="0,0530"/><testcase classname="com.octo.android.robospice.request.RequestProcessorTest" name="testAddRequest_when_cache_is_not_used" time="0,0260"/><testcase classname="com.octo.android.robospice.request.RequestProcessorTest" name="testAddRequest_when_fail_on_error_true_loading_from_cache_throws_exception" time="0,0530"/><testcase classname="com.octo.android.robospice.request.RequestProcessorTest" name="testAddRequest_when_fail_on_error_true_saving_to_cache_throws_exception" time="0,0520"/><testcase classname="com.octo.android.robospice.request.RequestProcessorTest" name="testAddRequest_when_nothing_is_found_in_cache_and_request_fails" time="0,0520"/><testcase classname="com.octo.android.robospice.request.RequestProcessorTest" name="testAddRequest_when_nothing_is_found_in_cache_and_request_succeeds" time="0,0530"/><testcase classname="com.octo.android.robospice.request.RequestProcessorTest" name="testAddRequest_when_saving_to_cache_throws_exception" time="0,0520"/><testcase classname="com.octo.android.robospice.request.RequestProcessorTest" name="testAddRequest_when_something_is_found_in_cache" time="0,0510"/><testcase classname="com.octo.android.robospice.request.RequestProcessorTest" name="testRemoveAllDataFromCache" time="0,0520"/><testcase classname="com.octo.android.robospice.request.RequestProcessorTest" name="testRemoveAllDataFromCache_for_given_class" time="0,0530"/><testcase classname="com.octo.android.robospice.request.RequestProcessorTest" name="testRemoveAllDataFromCache_for_given_class_and_cachekey" time="0,0530"/><testcase classname="com.octo.android.robospice.request.RequestProcessorTest" name="test_addRequest_with_2_requests_and_one_is_cancelled" time="0,0520"/><testcase classname="com.octo.android.robospice.request.RequestProcessorTest" name="test_dontNotifyRequestListenersForRequest_with_2_request_and_one_not_notified" time="3,1840"/><testcase classname="com.octo.android.robospice.request.SimpleTextRequestTest" name="test_loadDataFromNetwork" time="0,2350"/></testsuite></testsuites>